Arguments: 
  C:\Program Files\nodejs\node.exe C:\Users\hosse\AppData\Roaming\npm\node_modules\yarn\bin\yarn.js install

PATH: 
  C:\Python310\Scripts\;C:\Python310\;C:\Program Files\Common Files\Oracle\Java\javapath;C:\Program Files (x86)\Common Files\Oracle\Java\javapath;C:\Windows\system32;C:\Windows;C:\Windows\System32\Wbem;C:\Windows\System32\WindowsPowerShell\v1.0\;C:\Windows\System32\OpenSSH\;C:\ProgramData\chocolatey\bin;C:\Program Files\Git\cmd;C:\Program Files (x86)\Microsoft SQL Server\100\Tools\Binn\;C:\Program Files\Microsoft SQL Server\100\Tools\Binn\;C:\Program Files\Microsoft SQL Server\100\DTS\Binn\;C:\Program Files (x86)\Microsoft SQL Server\100\Tools\Binn\VSShell\Common7\IDE\;C:\Program Files (x86)\Microsoft Visual Studio 9.0\Common7\IDE\PrivateAssemblies\;C:\Program Files (x86)\Microsoft SQL Server\100\DTS\Binn\;C:\ProgramData\ComposerSetup\bin;C:\Program Files\Docker\Docker\resources\bin;C:\ProgramData\DockerDesktop\version-bin;C:\Program Files\nodejs\;C:\Python310;C:\Users\hosse\AppData\Local\Microsoft\WindowsApps;C:\Users\hosse\AppData\Local\Android\Sdk\platform-tools;C:\Program Files\Android\Android Studio\bin;C:\sqlite;C:\Program Files\Java\jdk-15.0.2;C:\Program Files\MongoDB\Server\4.4\bin;C:\xampp\php;C:\Users\hosse\AppData\Roaming\Composer\vendor\bin;C:\xampp\mysql\bin;C:\Program Files\Sublime Text;C:\sdk\emulator;C:\Python310\Scripts;C:\Program Files\pypy3.9-v7.3.9-win64;C:\Users\hosse\AppData\Roaming\npm;C:\tools\neovim\nvim-win64\bin;C:\Users\hosse\AppData\Local\Markdown Monster;C:\Users\hosse\AppData\Local\Programs\Microsoft VS Code\bin

Yarn version: 
  1.22.17

Node version: 
  16.15.0

Platform: 
  win32 x64

Trace: 
  Error: getaddrinfo EAI_AGAIN registry.yarnpkg.com
      at GetAddrInfoReqWrap.onlookup [as oncomplete] (node:dns:71:26)

npm manifest: 
  {
    "name": "app-generator",
    "version": "0.1.0",
    "private": true,
    "dependencies": {
      "@testing-library/jest-dom": "^5.16.4",
      "@testing-library/react": "^13.3.0",
      "@testing-library/user-event": "^13.5.0",
      "@emotion/react": "^11.9.0",
      "@emotion/styled": "^11.8.1",
      "@mantine/core": "^4.2.4",
      "@mantine/hooks": "^4.2.4",
      "@mantine/next": "^4.2.4",
      "@mantine/prism": "^4.2.4",
      "core-js": "^3.22.4",
      "jquery": "^3.6.0",
      "lodash": "^4.17.21",
      "prismjs": "^1.28.0",
      "query-string": "^7.1.1",
      "react": "^18.0.0",
      "react-dom": "^18.0.0",
      "react-icons": "^4.3.1",
      "react-router-dom": "6",
      "react-simple-code-editor": "^0.11.0",
      "react-syntax-highlighter": "^15.5.0",
      "react-use": "^17.3.2",
      "roughjs": "^4.5.2",
      "react-scripts": "5.0.1",
      "web-vitals": "^2.1.4"
    },
    "scripts": {
      "start": "react-scripts start",
      "build": "react-scripts build",
      "test": "react-scripts test",
      "eject": "react-scripts eject"
    },
    "eslintConfig": {
      "extends": [
        "react-app",
        "react-app/jest"
      ]
    },
    "browserslist": {
      "production": [
        ">0.2%",
        "not dead",
        "not op_mini all"
      ],
      "development": [
        "last 1 chrome version",
        "last 1 firefox version",
        "last 1 safari version"
      ]
    }
  }

yarn manifest: 
  No manifest

Lockfile: 
  No lockfile
